{"level":"info","message":"Server is running on port 9000","service":"userService"}
{"level":"info","message":"Data Source has been initialized!","service":"userService"}
{"level":"info","message":"Server is running on port 9000","service":"userService"}
{"level":"info","message":"Data Source has been initialized!","service":"userService"}
{"level":"info","message":"Server is running on port 9000","service":"userService"}
{"level":"info","message":"Data Source has been initialized!","service":"userService"}
{"level":"info","message":"Server is running on port 9000","service":"userService"}
{"level":"info","message":"Data Source has been initialized!","service":"userService"}
{"level":"info","message":"Server is running on port 9000"}
{"level":"info","message":"Data Source has been initialized!"}
{"level":"info","message":"Server is running on port 9000"}
{"level":"info","message":"Data Source has been initialized!"}
{"level":"info","message":"Server is running on port 9000"}
{"level":"error","message":"Error in loging the user No metadata for \"User\" was found.","stack":"EntityMetadataNotFoundError: No metadata for \"User\" was found.\n    at DataSource.getMetadata (E:\\PURUSHOTTAM\\Videos\\Practice\\typeorm-project\\src\\data-source\\DataSource.ts:450:30)\n    at Repository.get metadata [as metadata] (E:\\PURUSHOTTAM\\Videos\\Practice\\typeorm-project\\src\\repository\\Repository.ts:53:40)\n    at Repository.findOne (E:\\PURUSHOTTAM\\Videos\\Practice\\typeorm-project\\src\\repository\\Repository.ts:597:42)\n    at findOne (E:\\PURUSHOTTAM\\Videos\\Practice\\typeorm-project\\src\\app.ts:185:35)\n    at Generator.next (<anonymous>)\n    at fulfilled (E:\\PURUSHOTTAM\\Videos\\Practice\\typeorm-project\\build\\src\\app.js:12:24)\n    at processTicksAndRejections (node:internal/process/task_queues:95:5)"}
{"level":"info","message":"Server is running on port 9000"}
{"level":"error","message":"Error in loging the user No metadata for \"User\" was found.","stack":"EntityMetadataNotFoundError: No metadata for \"User\" was found.\n    at DataSource.getMetadata (E:\\PURUSHOTTAM\\Videos\\Practice\\typeorm-project\\src\\data-source\\DataSource.ts:450:30)\n    at Repository.get metadata [as metadata] (E:\\PURUSHOTTAM\\Videos\\Practice\\typeorm-project\\src\\repository\\Repository.ts:53:40)\n    at Repository.findOne (E:\\PURUSHOTTAM\\Videos\\Practice\\typeorm-project\\src\\repository\\Repository.ts:597:42)\n    at findOne (E:\\PURUSHOTTAM\\Videos\\Practice\\typeorm-project\\src\\app.ts:185:35)\n    at Generator.next (<anonymous>)\n    at fulfilled (E:\\PURUSHOTTAM\\Videos\\Practice\\typeorm-project\\build\\src\\app.js:12:24)\n    at processTicksAndRejections (node:internal/process/task_queues:95:5)"}
{"level":"info","message":"Server is running on port 9000"}
{"level":"error","message":"Error in loging the user No metadata for \"User\" was found.","stack":"EntityMetadataNotFoundError: No metadata for \"User\" was found.\n    at DataSource.getMetadata (E:\\PURUSHOTTAM\\Videos\\Practice\\typeorm-project\\src\\data-source\\DataSource.ts:450:30)\n    at Repository.get metadata [as metadata] (E:\\PURUSHOTTAM\\Videos\\Practice\\typeorm-project\\src\\repository\\Repository.ts:53:40)\n    at Repository.findOne (E:\\PURUSHOTTAM\\Videos\\Practice\\typeorm-project\\src\\repository\\Repository.ts:597:42)\n    at findOne (E:\\PURUSHOTTAM\\Videos\\Practice\\typeorm-project\\src\\app.ts:185:35)\n    at Generator.next (<anonymous>)\n    at fulfilled (E:\\PURUSHOTTAM\\Videos\\Practice\\typeorm-project\\build\\src\\app.js:12:24)\n    at processTicksAndRejections (node:internal/process/task_queues:95:5)"}
{"level":"info","message":"Server is running on port 9000"}
{"level":"error","message":"Error in loging the user No metadata for \"User\" was found.","stack":"EntityMetadataNotFoundError: No metadata for \"User\" was found.\n    at DataSource.getMetadata (E:\\PURUSHOTTAM\\Videos\\Practice\\typeorm-project\\src\\data-source\\DataSource.ts:450:30)\n    at Repository.get metadata [as metadata] (E:\\PURUSHOTTAM\\Videos\\Practice\\typeorm-project\\src\\repository\\Repository.ts:53:40)\n    at Repository.findOne (E:\\PURUSHOTTAM\\Videos\\Practice\\typeorm-project\\src\\repository\\Repository.ts:597:42)\n    at findOne (E:\\PURUSHOTTAM\\Videos\\Practice\\typeorm-project\\src\\app.ts:185:35)\n    at Generator.next (<anonymous>)\n    at fulfilled (E:\\PURUSHOTTAM\\Videos\\Practice\\typeorm-project\\build\\src\\app.js:12:24)\n    at processTicksAndRejections (node:internal/process/task_queues:95:5)"}
{"level":"info","message":"Server is running on port 9000"}
{"level":"error","message":"Error fetching users"}
{"level":"info","message":"Server is running on port 9000"}
{"level":"error","message":"Error fetching users"}
{"level":"info","message":"Server is running on port 9000"}
{"level":"error","message":"Error fetching users"}
{"level":"info","message":"Server is running on port 9000"}
{"level":"error","message":"Error fetching users"}
{"level":"info","message":"Server is running on port 9000"}
{"level":"error","message":"Error fetching users"}
{"level":"info","message":"Server is running on port 9000"}
{"code":"ETIMEDOUT","errorno":"ETIMEDOUT","fatal":true,"level":"error","message":"Error during Data Source initialization connect ETIMEDOUT","stack":"Error: connect ETIMEDOUT\n    at PoolConnection.Connection._handleConnectTimeout (E:\\PURUSHOTTAM\\Videos\\Practice\\typeorm-project\\node_modules\\mysql\\lib\\Connection.js:409:13)\n    at Object.onceWrapper (node:events:628:28)\n    at Socket.emit (node:events:514:28)\n    at Socket.emit (node:domain:488:12)\n    at Socket._onTimeout (node:net:589:8)\n    at listOnTimeout (node:internal/timers:573:17)\n    at processTimers (node:internal/timers:514:7)\n    --------------------\n    at Protocol._enqueue (E:\\PURUSHOTTAM\\Videos\\Practice\\typeorm-project\\node_modules\\mysql\\lib\\protocol\\Protocol.js:144:48)\n    at Protocol.handshake (E:\\PURUSHOTTAM\\Videos\\Practice\\typeorm-project\\node_modules\\mysql\\lib\\protocol\\Protocol.js:51:23)\n    at PoolConnection.connect (E:\\PURUSHOTTAM\\Videos\\Practice\\typeorm-project\\node_modules\\mysql\\lib\\Connection.js:116:18)\n    at Pool.getConnection (E:\\PURUSHOTTAM\\Videos\\Practice\\typeorm-project\\node_modules\\mysql\\lib\\Pool.js:48:16)\n    at E:\\PURUSHOTTAM\\Videos\\Practice\\typeorm-project\\node_modules\\typeorm\\src\\driver\\mysql\\MysqlDriver.ts:1268:18\n    at new Promise (<anonymous>)\n    at MysqlDriver.createPool (E:\\PURUSHOTTAM\\Videos\\Practice\\typeorm-project\\node_modules\\typeorm\\src\\driver\\mysql\\MysqlDriver.ts:1265:16)\n    at MysqlDriver.connect (E:\\PURUSHOTTAM\\Videos\\Practice\\typeorm-project\\node_modules\\typeorm\\src\\driver\\mysql\\MysqlDriver.ts:400:36)\n    at DataSource.initialize (E:\\PURUSHOTTAM\\Videos\\Practice\\typeorm-project\\node_modules\\src\\data-source\\DataSource.ts:253:27)\n    at Object.<anonymous> (E:\\PURUSHOTTAM\\Videos\\Practice\\typeorm-project\\src\\data-source.ts:22:15)","syscall":"connect"}
{"level":"info","message":"Server is running on port 9000"}
{"level":"info","message":"Data Source has been initialized!"}
{"0":{"email":"anand@gmail.com","id":26,"name":"anand","password":"123","role":"reader"},"1":{"email":"vinay@gmail.com","id":28,"name":"vinay","password":"123","role":"admin"},"2":{"email":"ajay@gmail.com","id":29,"name":"ajay","password":"$2b$10$.nwwsJCbJPjVRT1nihA7XOLcihw.vTZweKiuOTAB8.jV1O.PxwT1m","role":"admin"},"3":{"email":"vijay@gmail.com","id":30,"name":"vijay","password":"$2b$10$yr5Uz.tAETeMIi9vEmahz.MuIWf8QrVDX.A/pPNwoBBJvZb2Tne8q","role":"reader"},"4":{"email":"vihas@gmail.com","id":31,"name":"vihas","password":"$2b$10$2DSbUsS9GWYEs2CnUi9MIeAFd.inmdThilkgfzBo2.C1GF6nHwe3y","role":"reader"},"level":"info","message":"Registered users "}
{"level":"info","message":"Server is running on port 9000"}
{"level":"error","message":"Error fetching users"}
{"level":"info","message":"Data Source has been initialized!"}
{"level":"info","message":"Server is running on port 9000"}
{"code":"ETIMEDOUT","errorno":"ETIMEDOUT","fatal":true,"level":"error","message":"Error during Data Source initialization connect ETIMEDOUT","stack":"Error: connect ETIMEDOUT\n    at PoolConnection.Object.<anonymous>.Connection._handleConnectTimeout (E:\\PURUSHOTTAM\\Videos\\Practice\\typeorm-project\\node_modules\\mysql\\lib\\Connection.js:409:13)\n    at Object.onceWrapper (node:events:628:28)\n    at Socket.emit (node:events:514:28)\n    at Socket._onTimeout (node:net:589:8)\n    at listOnTimeout (node:internal/timers:573:17)\n    at processTimers (node:internal/timers:514:7)\n    --------------------\n    at Protocol.Object.<anonymous>.Protocol._enqueue (E:\\PURUSHOTTAM\\Videos\\Practice\\typeorm-project\\node_modules\\mysql\\lib\\protocol\\Protocol.js:144:48)\n    at Protocol.handshake (E:\\PURUSHOTTAM\\Videos\\Practice\\typeorm-project\\node_modules\\mysql\\lib\\protocol\\Protocol.js:51:23)\n    at PoolConnection.connect (E:\\PURUSHOTTAM\\Videos\\Practice\\typeorm-project\\node_modules\\mysql\\lib\\Connection.js:116:18)\n    at Pool.Object.<anonymous>.Pool.getConnection (E:\\PURUSHOTTAM\\Videos\\Practice\\typeorm-project\\node_modules\\mysql\\lib\\Pool.js:48:16)\n    at E:\\PURUSHOTTAM\\Videos\\Practice\\typeorm-project\\src\\driver\\mysql\\MysqlDriver.ts:1268:18\n    at new Promise (<anonymous>)\n    at MysqlDriver.createPool (E:\\PURUSHOTTAM\\Videos\\Practice\\typeorm-project\\src\\driver\\mysql\\MysqlDriver.ts:1265:16)\n    at MysqlDriver.connect (E:\\PURUSHOTTAM\\Videos\\Practice\\typeorm-project\\src\\driver\\mysql\\MysqlDriver.ts:400:36)\n    at DataSource.initialize (E:\\PURUSHOTTAM\\Videos\\Practice\\typeorm-project\\src\\data-source\\DataSource.ts:253:27)\n    at Object.<anonymous> (E:\\PURUSHOTTAM\\Videos\\Practice\\typeorm-project\\src\\data-source.ts:22:15)\n    at Runtime._execModule (E:\\PURUSHOTTAM\\Videos\\Practice\\typeorm-project\\node_modules\\jest-runtime\\build\\index.js:1439:24)\n    at Runtime._loadModule (E:\\PURUSHOTTAM\\Videos\\Practice\\typeorm-project\\node_modules\\jest-runtime\\build\\index.js:1022:12)\n    at Runtime.requireModule (E:\\PURUSHOTTAM\\Videos\\Practice\\typeorm-project\\node_modules\\jest-runtime\\build\\index.js:882:12)\n    at Runtime.requireModuleOrMock (E:\\PURUSHOTTAM\\Videos\\Practice\\typeorm-project\\node_modules\\jest-runtime\\build\\index.js:1048:21)\n    at Object.<anonymous> (E:\\PURUSHOTTAM\\Videos\\Practice\\typeorm-project\\src\\app.ts:4:1)\n    at Runtime._execModule (E:\\PURUSHOTTAM\\Videos\\Practice\\typeorm-project\\node_modules\\jest-runtime\\build\\index.js:1439:24)\n    at Runtime._loadModule (E:\\PURUSHOTTAM\\Videos\\Practice\\typeorm-project\\node_modules\\jest-runtime\\build\\index.js:1022:12)\n    at Runtime.requireModule (E:\\PURUSHOTTAM\\Videos\\Practice\\typeorm-project\\node_modules\\jest-runtime\\build\\index.js:882:12)\n    at Runtime.requireModuleOrMock (E:\\PURUSHOTTAM\\Videos\\Practice\\typeorm-project\\node_modules\\jest-runtime\\build\\index.js:1048:21)\n    at Object.<anonymous> (E:\\PURUSHOTTAM\\Videos\\Practice\\typeorm-project\\app.test.ts:2:1)\n    at Runtime._execModule (E:\\PURUSHOTTAM\\Videos\\Practice\\typeorm-project\\node_modules\\jest-runtime\\build\\index.js:1439:24)\n    at Runtime._loadModule (E:\\PURUSHOTTAM\\Videos\\Practice\\typeorm-project\\node_modules\\jest-runtime\\build\\index.js:1022:12)\n    at Runtime.requireModule (E:\\PURUSHOTTAM\\Videos\\Practice\\typeorm-project\\node_modules\\jest-runtime\\build\\index.js:882:12)\n    at jestAdapter (E:\\PURUSHOTTAM\\Videos\\Practice\\typeorm-project\\node_modules\\jest-circus\\build\\legacy-code-todo-rewrite\\jestAdapter.js:77:13)\n    at processTicksAndRejections (node:internal/process/task_queues:95:5)\n    at runTestInternal (E:\\PURUSHOTTAM\\Videos\\Practice\\typeorm-project\\node_modules\\jest-runner\\build\\runTest.js:367:16)\n    at runTest (E:\\PURUSHOTTAM\\Videos\\Practice\\typeorm-project\\node_modules\\jest-runner\\build\\runTest.js:444:34)","syscall":"connect"}
{"level":"error","message":"Error fetching users"}
{"level":"info","message":"Server is running on port 9000"}
{"level":"error","message":"Error fetching users"}
{"level":"info","message":"Data Source has been initialized!"}
{"level":"info","message":"Server is running on port 9000"}
{"level":"error","message":"Error fetching users"}
{"level":"info","message":"Data Source has been initialized!"}
{"level":"info","message":"Server is running on port 9000"}
{"level":"info","message":"Data Source has been initialized!"}
{"0":{"email":"anand@gmail.com","id":26,"name":"anand","password":"123","role":"reader"},"1":{"email":"vinay@gmail.com","id":28,"name":"vinay","password":"123","role":"admin"},"2":{"email":"ajay@gmail.com","id":29,"name":"ajay","password":"$2b$10$.nwwsJCbJPjVRT1nihA7XOLcihw.vTZweKiuOTAB8.jV1O.PxwT1m","role":"admin"},"3":{"email":"vijay@gmail.com","id":30,"name":"vijay","password":"$2b$10$yr5Uz.tAETeMIi9vEmahz.MuIWf8QrVDX.A/pPNwoBBJvZb2Tne8q","role":"reader"},"4":{"email":"vihas@gmail.com","id":31,"name":"vihas","password":"$2b$10$2DSbUsS9GWYEs2CnUi9MIeAFd.inmdThilkgfzBo2.C1GF6nHwe3y","role":"reader"},"level":"info","message":"Registered users "}
{"0":{"email":"anand@gmail.com","id":26,"name":"anand","password":"123","role":"reader"},"1":{"email":"vinay@gmail.com","id":28,"name":"vinay","password":"123","role":"admin"},"2":{"email":"ajay@gmail.com","id":29,"name":"ajay","password":"$2b$10$.nwwsJCbJPjVRT1nihA7XOLcihw.vTZweKiuOTAB8.jV1O.PxwT1m","role":"admin"},"3":{"email":"vijay@gmail.com","id":30,"name":"vijay","password":"$2b$10$yr5Uz.tAETeMIi9vEmahz.MuIWf8QrVDX.A/pPNwoBBJvZb2Tne8q","role":"reader"},"4":{"email":"vihas@gmail.com","id":31,"name":"vihas","password":"$2b$10$2DSbUsS9GWYEs2CnUi9MIeAFd.inmdThilkgfzBo2.C1GF6nHwe3y","role":"reader"},"level":"info","message":"Registered users "}
{"level":"info","message":"Server is running on port 9000"}
{"level":"info","message":"Data Source has been initialized!"}
{"level":"info","message":"Server is running on port 9000"}
{"level":"info","message":"Data Source has been initialized!"}
{"level":"info","message":"Server is running on port 9000"}
{"level":"info","message":"Data Source has been initialized!"}
{"level":"info","message":"Server is running on port 9000"}
{"level":"info","message":"Data Source has been initialized!"}
{"0":{"email":"anand@gmail.com","id":26,"name":"anand","password":"123","role":"reader"},"1":{"email":"vinay@gmail.com","id":28,"name":"vinay","password":"123","role":"admin"},"2":{"email":"ajay@gmail.com","id":29,"name":"ajay","password":"$2b$10$.nwwsJCbJPjVRT1nihA7XOLcihw.vTZweKiuOTAB8.jV1O.PxwT1m","role":"admin"},"3":{"email":"vijay@gmail.com","id":30,"name":"vijay","password":"$2b$10$yr5Uz.tAETeMIi9vEmahz.MuIWf8QrVDX.A/pPNwoBBJvZb2Tne8q","role":"reader"},"4":{"email":"vihas@gmail.com","id":31,"name":"vihas","password":"$2b$10$2DSbUsS9GWYEs2CnUi9MIeAFd.inmdThilkgfzBo2.C1GF6nHwe3y","role":"reader"},"level":"info","message":"Registered users "}
{"level":"info","message":"Server is running on port 9000"}
{"level":"info","message":"Data Source has been initialized!"}
{"level":"error","message":"Error fetching users"}
{"level":"info","message":"Server is running on port 9000"}
{"level":"info","message":"Data Source has been initialized!"}
{"0":{"email":"anand@gmail.com","id":26,"name":"anand","password":"123","role":"reader"},"1":{"email":"vinay@gmail.com","id":28,"name":"vinay","password":"123","role":"admin"},"2":{"email":"ajay@gmail.com","id":29,"name":"ajay","password":"$2b$10$.nwwsJCbJPjVRT1nihA7XOLcihw.vTZweKiuOTAB8.jV1O.PxwT1m","role":"admin"},"3":{"email":"vijay@gmail.com","id":30,"name":"vijay","password":"$2b$10$yr5Uz.tAETeMIi9vEmahz.MuIWf8QrVDX.A/pPNwoBBJvZb2Tne8q","role":"reader"},"4":{"email":"vihas@gmail.com","id":31,"name":"vihas","password":"$2b$10$2DSbUsS9GWYEs2CnUi9MIeAFd.inmdThilkgfzBo2.C1GF6nHwe3y","role":"reader"},"level":"info","message":"Registered users "}
{"0":{"email":"vinay@gmail.com","id":28,"name":"vinay","password":"123","role":"admin"},"1":{"email":"ajay@gmail.com","id":29,"name":"ajay","password":"$2b$10$.nwwsJCbJPjVRT1nihA7XOLcihw.vTZweKiuOTAB8.jV1O.PxwT1m","role":"admin"},"2":{"email":"vijay@gmail.com","id":30,"name":"vijay","password":"$2b$10$yr5Uz.tAETeMIi9vEmahz.MuIWf8QrVDX.A/pPNwoBBJvZb2Tne8q","role":"reader"},"3":{"email":"vihas@gmail.com","id":31,"name":"vihas","password":"$2b$10$2DSbUsS9GWYEs2CnUi9MIeAFd.inmdThilkgfzBo2.C1GF6nHwe3y","role":"reader"},"level":"info","message":"Registered users "}
{"level":"info","message":"Server is running on port 9000"}
{"level":"info","message":"Data Source has been initialized!"}
{"0":{"email":"vinay@gmail.com","id":28,"name":"vinay","password":"123","role":"admin"},"1":{"email":"ajay@gmail.com","id":29,"name":"ajay","password":"$2b$10$.nwwsJCbJPjVRT1nihA7XOLcihw.vTZweKiuOTAB8.jV1O.PxwT1m","role":"admin"},"2":{"email":"vijay@gmail.com","id":30,"name":"vijay","password":"$2b$10$yr5Uz.tAETeMIi9vEmahz.MuIWf8QrVDX.A/pPNwoBBJvZb2Tne8q","role":"reader"},"3":{"email":"vihas@gmail.com","id":31,"name":"vihas","password":"$2b$10$2DSbUsS9GWYEs2CnUi9MIeAFd.inmdThilkgfzBo2.C1GF6nHwe3y","role":"reader"},"level":"info","message":"Registered users "}
{"level":"info","message":"Server is running on port 9000"}
{"level":"error","message":"Error fetching users"}
{"level":"info","message":"Data Source has been initialized!"}
{"level":"info","message":"Server is running on port 9000"}
{"level":"error","message":"Error fetching users"}
{"level":"info","message":"Data Source has been initialized!"}
{"level":"info","message":"Server is running on port 9000"}
{"level":"error","message":"Error fetching users"}
{"level":"info","message":"Data Source has been initialized!"}
{"level":"info","message":"Server is running on port 9000"}
{"level":"info","message":"Data Source has been initialized!"}
{"level":"info","message":"Server is running on port 9000"}
{"level":"error","message":"Error fetching users"}
{"level":"info","message":"Data Source has been initialized!"}
{"level":"info","message":"Server is running on port 9000"}
{"level":"error","message":"Error fetching users"}
{"level":"info","message":"Data Source has been initialized!"}
{"level":"info","message":"Server is running on port 9000"}
{"level":"error","message":"Error fetching users"}
{"level":"info","message":"Data Source has been initialized!"}
{"level":"info","message":"Server is running on port 9000"}
{"level":"info","message":"Data Source has been initialized!"}
{"level":"info","message":"Server is running on port 9000"}
{"level":"info","message":"Data Source has been initialized!"}
{"0":{"email":"vinay@gmail.com","id":28,"name":"vinay","password":"123","role":"admin"},"1":{"email":"ajay@gmail.com","id":29,"name":"ajay","password":"$2b$10$.nwwsJCbJPjVRT1nihA7XOLcihw.vTZweKiuOTAB8.jV1O.PxwT1m","role":"admin"},"2":{"email":"vijay@gmail.com","id":30,"name":"vijay","password":"$2b$10$yr5Uz.tAETeMIi9vEmahz.MuIWf8QrVDX.A/pPNwoBBJvZb2Tne8q","role":"reader"},"3":{"email":"vihas@gmail.com","id":31,"name":"vihas","password":"$2b$10$2DSbUsS9GWYEs2CnUi9MIeAFd.inmdThilkgfzBo2.C1GF6nHwe3y","role":"reader"},"level":"info","message":"Registered users "}
{"level":"info","message":"Server is running on port 9000"}
{"level":"info","message":"Data Source has been initialized!"}
{"level":"info","message":"Server is running on port 9000"}
{"level":"info","message":"Data Source has been initialized!"}
{"level":"info","message":"Token generated successfully"}
{"level":"info","message":"User loggedin successfully"}
{"0":{"email":"vinay@gmail.com","id":28,"name":"vinay","password":"123","role":"admin"},"1":{"email":"ajay@gmail.com","id":29,"name":"ajay","password":"$2b$10$.nwwsJCbJPjVRT1nihA7XOLcihw.vTZweKiuOTAB8.jV1O.PxwT1m","role":"admin"},"2":{"email":"vijay@gmail.com","id":30,"name":"vijay","password":"$2b$10$yr5Uz.tAETeMIi9vEmahz.MuIWf8QrVDX.A/pPNwoBBJvZb2Tne8q","role":"reader"},"3":{"email":"vihas@gmail.com","id":31,"name":"vihas","password":"$2b$10$2DSbUsS9GWYEs2CnUi9MIeAFd.inmdThilkgfzBo2.C1GF6nHwe3y","role":"reader"},"level":"info","message":"Registered users "}
{"level":"info","message":"Server is running on port 9000"}
{"level":"error","message":"Error fetching users"}
{"level":"info","message":"Data Source has been initialized!"}
{"level":"info","message":"Server is running on port 9000"}
{"level":"info","message":"Data Source has been initialized!"}
{"level":"info","message":"Server is running on port 9000"}
{"level":"info","message":"Data Source has been initialized!"}
{"level":"info","message":"Server is running on port 9000"}
{"level":"info","message":"Data Source has been initialized!"}
{"level":"info","message":"Server is running on port 9000"}
{"level":"error","message":"Error fetching users"}
{"level":"info","message":"Data Source has been initialized!"}
{"level":"info","message":"Server is running on port 9000"}
{"level":"error","message":"Error fetching users"}
{"level":"info","message":"Data Source has been initialized!"}
{"level":"info","message":"Server is running on port 9000"}
{"level":"error","message":"Error fetching users"}
{"level":"info","message":"Server is running on port 9000"}
{"level":"info","message":"Data Source has been initialized!"}
{"0":{"email":"vinay@gmail.com","id":28,"name":"vinay","password":"123","role":"admin"},"1":{"email":"ajay@gmail.com","id":29,"name":"ajay","password":"$2b$10$.nwwsJCbJPjVRT1nihA7XOLcihw.vTZweKiuOTAB8.jV1O.PxwT1m","role":"admin"},"2":{"email":"vijay@gmail.com","id":30,"name":"vijay","password":"$2b$10$yr5Uz.tAETeMIi9vEmahz.MuIWf8QrVDX.A/pPNwoBBJvZb2Tne8q","role":"reader"},"3":{"email":"vihas@gmail.com","id":31,"name":"vihas","password":"$2b$10$2DSbUsS9GWYEs2CnUi9MIeAFd.inmdThilkgfzBo2.C1GF6nHwe3y","role":"reader"},"level":"info","message":"Registered users "}
{"level":"info","message":"Server is running on port 9000"}
{"level":"info","message":"Data Source has been initialized!"}
{"0":{"email":"vinay@gmail.com","id":28,"name":"vinay","password":"123","role":"admin"},"1":{"email":"ajay@gmail.com","id":29,"name":"ajay","password":"$2b$10$.nwwsJCbJPjVRT1nihA7XOLcihw.vTZweKiuOTAB8.jV1O.PxwT1m","role":"admin"},"2":{"email":"vijay@gmail.com","id":30,"name":"vijay","password":"$2b$10$yr5Uz.tAETeMIi9vEmahz.MuIWf8QrVDX.A/pPNwoBBJvZb2Tne8q","role":"reader"},"3":{"email":"vihas@gmail.com","id":31,"name":"vihas","password":"$2b$10$2DSbUsS9GWYEs2CnUi9MIeAFd.inmdThilkgfzBo2.C1GF6nHwe3y","role":"reader"},"level":"info","message":"Registered users "}
{"level":"info","message":"Server is running on port 9000"}
{"level":"info","message":"Data Source has been initialized!"}
{"0":{"email":"vinay@gmail.com","id":28,"name":"vinay","password":"123","role":"admin"},"1":{"email":"ajay@gmail.com","id":29,"name":"ajay","password":"$2b$10$.nwwsJCbJPjVRT1nihA7XOLcihw.vTZweKiuOTAB8.jV1O.PxwT1m","role":"admin"},"2":{"email":"vijay@gmail.com","id":30,"name":"vijay","password":"$2b$10$yr5Uz.tAETeMIi9vEmahz.MuIWf8QrVDX.A/pPNwoBBJvZb2Tne8q","role":"reader"},"3":{"email":"vihas@gmail.com","id":31,"name":"vihas","password":"$2b$10$2DSbUsS9GWYEs2CnUi9MIeAFd.inmdThilkgfzBo2.C1GF6nHwe3y","role":"reader"},"level":"info","message":"Registered users "}
{"level":"info","message":"Server is running on port 9000"}
{"level":"info","message":"Data Source has been initialized!"}
{"level":"info","message":"Server is running on port 9000"}
{"level":"info","message":"Data Source has been initialized!"}
{"level":"info","message":"Server is running on port 9000"}
{"level":"info","message":"Data Source has been initialized!"}
{"0":{"email":"vinay@gmail.com","id":28,"name":"vinay","password":"123","role":"admin"},"1":{"email":"ajay@gmail.com","id":29,"name":"ajay","password":"$2b$10$.nwwsJCbJPjVRT1nihA7XOLcihw.vTZweKiuOTAB8.jV1O.PxwT1m","role":"admin"},"2":{"email":"vijay@gmail.com","id":30,"name":"vijay","password":"$2b$10$yr5Uz.tAETeMIi9vEmahz.MuIWf8QrVDX.A/pPNwoBBJvZb2Tne8q","role":"reader"},"3":{"email":"vihas@gmail.com","id":31,"name":"vihas","password":"$2b$10$2DSbUsS9GWYEs2CnUi9MIeAFd.inmdThilkgfzBo2.C1GF6nHwe3y","role":"reader"},"level":"info","message":"Registered users "}
{"level":"info","message":"Server is running on port 9000"}
{"level":"info","message":"Data Source has been initialized!"}
{"0":{"email":"vinay@gmail.com","id":28,"name":"vinay","password":"123","role":"admin"},"1":{"email":"ajay@gmail.com","id":29,"name":"ajay","password":"$2b$10$.nwwsJCbJPjVRT1nihA7XOLcihw.vTZweKiuOTAB8.jV1O.PxwT1m","role":"admin"},"2":{"email":"vijay@gmail.com","id":30,"name":"vijay","password":"$2b$10$yr5Uz.tAETeMIi9vEmahz.MuIWf8QrVDX.A/pPNwoBBJvZb2Tne8q","role":"reader"},"3":{"email":"vihas@gmail.com","id":31,"name":"vihas","password":"$2b$10$2DSbUsS9GWYEs2CnUi9MIeAFd.inmdThilkgfzBo2.C1GF6nHwe3y","role":"reader"},"level":"info","message":"Registered users "}
{"level":"info","message":"Server is running on port 9000"}
{"level":"error","message":"Error fetching users"}
{"level":"error","message":"Error fetching users"}
{"level":"error","message":"Error fetching users"}
{"level":"error","message":"Error fetching users"}
{"level":"info","message":"Server is running on port 9000"}
{"level":"error","message":"Error fetching users"}
{"level":"info","message":"Server is running on port 9000"}
{"level":"error","message":"Error fetching users"}
{"level":"info","message":"Server is running on port 9000"}
{"level":"info","message":"Server is running on port 9000"}
{"level":"error","message":"Error fetching users No metadata for \"User\" was found.","stack":"EntityMetadataNotFoundError: No metadata for \"User\" was found.\n    at DataSource.getMetadata (E:\\PURUSHOTTAM\\Videos\\Practice\\typeorm-project\\node_modules\\src\\data-source\\DataSource.ts:450:30)\n    at Repository.get metadata [as metadata] (E:\\PURUSHOTTAM\\Videos\\Practice\\typeorm-project\\node_modules\\src\\repository\\Repository.ts:53:40)\n    at Repository.findOne (E:\\PURUSHOTTAM\\Videos\\Practice\\typeorm-project\\node_modules\\src\\repository\\Repository.ts:597:42)\n    at E:\\PURUSHOTTAM\\Videos\\Practice\\typeorm-project\\src\\app.ts:21:37\n    at Layer.handle [as handle_request] (E:\\PURUSHOTTAM\\Videos\\Practice\\typeorm-project\\node_modules\\express\\lib\\router\\layer.js:95:5)\n    at next (E:\\PURUSHOTTAM\\Videos\\Practice\\typeorm-project\\node_modules\\express\\lib\\router\\route.js:149:13)\n    at E:\\PURUSHOTTAM\\Videos\\Practice\\typeorm-project\\util\\token.ts:28:7\n    at E:\\PURUSHOTTAM\\Videos\\Practice\\typeorm-project\\node_modules\\jsonwebtoken\\verify.js:261:12\n    at getSecret (E:\\PURUSHOTTAM\\Videos\\Practice\\typeorm-project\\node_modules\\jsonwebtoken\\verify.js:97:14)\n    at Object.module.exports [as verify] (E:\\PURUSHOTTAM\\Videos\\Practice\\typeorm-project\\node_modules\\jsonwebtoken\\verify.js:101:10)"}
{"level":"info","message":"Server is running on port 9000"}
{"level":"error","message":"Error fetching users No metadata for \"User\" was found.","stack":"EntityMetadataNotFoundError: No metadata for \"User\" was found.\n    at DataSource.getMetadata (E:\\PURUSHOTTAM\\Videos\\Practice\\typeorm-project\\node_modules\\src\\data-source\\DataSource.ts:450:30)\n    at Repository.get metadata [as metadata] (E:\\PURUSHOTTAM\\Videos\\Practice\\typeorm-project\\node_modules\\src\\repository\\Repository.ts:53:40)\n    at Repository.findOne (E:\\PURUSHOTTAM\\Videos\\Practice\\typeorm-project\\node_modules\\src\\repository\\Repository.ts:597:42)\n    at E:\\PURUSHOTTAM\\Videos\\Practice\\typeorm-project\\src\\app.ts:21:37\n    at Layer.handle [as handle_request] (E:\\PURUSHOTTAM\\Videos\\Practice\\typeorm-project\\node_modules\\express\\lib\\router\\layer.js:95:5)\n    at next (E:\\PURUSHOTTAM\\Videos\\Practice\\typeorm-project\\node_modules\\express\\lib\\router\\route.js:149:13)\n    at E:\\PURUSHOTTAM\\Videos\\Practice\\typeorm-project\\util\\token.ts:28:7\n    at E:\\PURUSHOTTAM\\Videos\\Practice\\typeorm-project\\node_modules\\jsonwebtoken\\verify.js:261:12\n    at getSecret (E:\\PURUSHOTTAM\\Videos\\Practice\\typeorm-project\\node_modules\\jsonwebtoken\\verify.js:97:14)\n    at Object.module.exports [as verify] (E:\\PURUSHOTTAM\\Videos\\Practice\\typeorm-project\\node_modules\\jsonwebtoken\\verify.js:101:10)"}
{"level":"info","message":"Server is running on port 9000"}
{"level":"info","message":"Server is running on port 9000"}
{"level":"error","message":"Error fetching users No metadata for \"User\" was found.","stack":"EntityMetadataNotFoundError: No metadata for \"User\" was found.\n    at DataSource.getMetadata (E:\\PURUSHOTTAM\\Videos\\Practice\\typeorm-project\\node_modules\\src\\data-source\\DataSource.ts:450:30)\n    at Repository.get metadata [as metadata] (E:\\PURUSHOTTAM\\Videos\\Practice\\typeorm-project\\node_modules\\src\\repository\\Repository.ts:53:40)\n    at Repository.findOne (E:\\PURUSHOTTAM\\Videos\\Practice\\typeorm-project\\node_modules\\src\\repository\\Repository.ts:597:42)\n    at E:\\PURUSHOTTAM\\Videos\\Practice\\typeorm-project\\src\\app.ts:22:37\n    at Layer.handle [as handle_request] (E:\\PURUSHOTTAM\\Videos\\Practice\\typeorm-project\\node_modules\\express\\lib\\router\\layer.js:95:5)\n    at next (E:\\PURUSHOTTAM\\Videos\\Practice\\typeorm-project\\node_modules\\express\\lib\\router\\route.js:149:13)\n    at E:\\PURUSHOTTAM\\Videos\\Practice\\typeorm-project\\util\\token.ts:28:7\n    at E:\\PURUSHOTTAM\\Videos\\Practice\\typeorm-project\\node_modules\\jsonwebtoken\\verify.js:261:12\n    at getSecret (E:\\PURUSHOTTAM\\Videos\\Practice\\typeorm-project\\node_modules\\jsonwebtoken\\verify.js:97:14)\n    at Object.module.exports [as verify] (E:\\PURUSHOTTAM\\Videos\\Practice\\typeorm-project\\node_modules\\jsonwebtoken\\verify.js:101:10)"}
{"level":"info","message":"Server is running on port 9000"}
{"level":"info","message":"Server is running on port 9000"}
{"level":"error","message":"Error fetching users No metadata for \"User\" was found.","stack":"EntityMetadataNotFoundError: No metadata for \"User\" was found.\n    at DataSource.getMetadata (E:\\PURUSHOTTAM\\Videos\\Practice\\typeorm-project\\node_modules\\src\\data-source\\DataSource.ts:450:30)\n    at Repository.get metadata [as metadata] (E:\\PURUSHOTTAM\\Videos\\Practice\\typeorm-project\\node_modules\\src\\repository\\Repository.ts:53:40)\n    at Repository.findOne (E:\\PURUSHOTTAM\\Videos\\Practice\\typeorm-project\\node_modules\\src\\repository\\Repository.ts:597:42)\n    at E:\\PURUSHOTTAM\\Videos\\Practice\\typeorm-project\\src\\app.ts:21:37\n    at Layer.handle [as handle_request] (E:\\PURUSHOTTAM\\Videos\\Practice\\typeorm-project\\node_modules\\express\\lib\\router\\layer.js:95:5)\n    at next (E:\\PURUSHOTTAM\\Videos\\Practice\\typeorm-project\\node_modules\\express\\lib\\router\\route.js:149:13)\n    at E:\\PURUSHOTTAM\\Videos\\Practice\\typeorm-project\\util\\token.ts:28:7\n    at E:\\PURUSHOTTAM\\Videos\\Practice\\typeorm-project\\node_modules\\jsonwebtoken\\verify.js:261:12\n    at getSecret (E:\\PURUSHOTTAM\\Videos\\Practice\\typeorm-project\\node_modules\\jsonwebtoken\\verify.js:97:14)\n    at Object.module.exports [as verify] (E:\\PURUSHOTTAM\\Videos\\Practice\\typeorm-project\\node_modules\\jsonwebtoken\\verify.js:101:10)"}
{"level":"info","message":"Server is running on port 9000"}
{"level":"info","message":"Data Source has been initialized!"}
{"0":{"email":"vinay@gmail.com","id":28,"name":"vinay","password":"123","role":"admin"},"1":{"email":"ajay@gmail.com","id":29,"name":"ajay","password":"$2b$10$.nwwsJCbJPjVRT1nihA7XOLcihw.vTZweKiuOTAB8.jV1O.PxwT1m","role":"admin"},"2":{"email":"vijay@gmail.com","id":30,"name":"vijay","password":"$2b$10$yr5Uz.tAETeMIi9vEmahz.MuIWf8QrVDX.A/pPNwoBBJvZb2Tne8q","role":"reader"},"3":{"email":"vihas@gmail.com","id":31,"name":"vihas","password":"$2b$10$2DSbUsS9GWYEs2CnUi9MIeAFd.inmdThilkgfzBo2.C1GF6nHwe3y","role":"reader"},"level":"info","message":"Registered users "}
{"level":"info","message":"Server is running on port 9000"}
{"level":"info","message":"Data Source has been initialized!"}
{"level":"info","message":"New user create successfully"}
{"0":{"email":"vinay@gmail.com","id":28,"name":"vinay","password":"123","role":"admin"},"1":{"email":"ajay@gmail.com","id":29,"name":"ajay","password":"$2b$10$.nwwsJCbJPjVRT1nihA7XOLcihw.vTZweKiuOTAB8.jV1O.PxwT1m","role":"admin"},"2":{"email":"vijay@gmail.com","id":30,"name":"vijay","password":"$2b$10$yr5Uz.tAETeMIi9vEmahz.MuIWf8QrVDX.A/pPNwoBBJvZb2Tne8q","role":"reader"},"3":{"email":"vihas@gmail.com","id":31,"name":"vihas","password":"$2b$10$2DSbUsS9GWYEs2CnUi9MIeAFd.inmdThilkgfzBo2.C1GF6nHwe3y","role":"reader"},"4":{"email":"uday@gmail.com","id":32,"name":"uday","password":"$2b$10$.6/ur2tNzB2t4xPfHdJ.X.Kh/ucPmpcbN2uuR/R1HhKtNo6tpcppC","role":"admin"},"level":"info","message":"Registered users "}
{"level":"warn","message":"Not an authenticated action"}
{"level":"info","message":"Token generated successfully"}
{"level":"info","message":"User loggedin successfully"}
{"level":"info","message":"User updated successfully"}
{"level":"info","message":"User deleted successfully"}
{"level":"info","message":"Server is running on port 9000"}
{"level":"info","message":"Data Source has been initialized!"}
{"level":"info","message":"Server is running on port 9000"}
{"level":"info","message":"Data Source has been initialized!"}
{"level":"info","message":"Server is running on port 9000"}
{"level":"info","message":"Server is running on port 9000"}
{"level":"info","message":"Server is running on port 9000"}
{"level":"info","message":"Data Source has been initialized!"}
{"0":{"email":"ajay@gmail.com","id":29,"name":"ajay","password":"$2b$10$.nwwsJCbJPjVRT1nihA7XOLcihw.vTZweKiuOTAB8.jV1O.PxwT1m","role":"admin"},"1":{"email":"vijay@gmail.com","id":30,"name":"vijay","password":"$2b$10$yr5Uz.tAETeMIi9vEmahz.MuIWf8QrVDX.A/pPNwoBBJvZb2Tne8q","role":"reader"},"2":{"email":"vihas@gmail.com","id":31,"name":"vihas","password":"$2b$10$2DSbUsS9GWYEs2CnUi9MIeAFd.inmdThilkgfzBo2.C1GF6nHwe3y","role":"reader"},"3":{"email":"uday@gmail.com","id":32,"name":"uday","password":"$2b$10$.6/ur2tNzB2t4xPfHdJ.X.Kh/ucPmpcbN2uuR/R1HhKtNo6tpcppC","role":"admin"},"level":"info","message":"Registered users "}
{"code":"ER_BAD_FIELD_ERROR","driverError":{"code":"ER_BAD_FIELD_ERROR","errno":1054,"index":0,"sql":"SELECT `User`.`id` AS `User_id`, `User`.`password` AS `User_password`, `User`.`name` AS `User_name`, `User`.`email` AS `User_email`, `User`.`role` AS `User_role` FROM `user` `User` WHERE ((`User`.`id` = NaN)) LIMIT 1","sqlMessage":"Unknown column 'NaN' in 'where clause'","sqlState":"42S22"},"errno":1054,"index":0,"level":"error","message":"Error updating user ER_BAD_FIELD_ERROR: Unknown column 'NaN' in 'where clause'","parameters":[null],"query":"SELECT `User`.`id` AS `User_id`, `User`.`password` AS `User_password`, `User`.`name` AS `User_name`, `User`.`email` AS `User_email`, `User`.`role` AS `User_role` FROM `user` `User` WHERE ((`User`.`id` = ?)) LIMIT 1","sql":"SELECT `User`.`id` AS `User_id`, `User`.`password` AS `User_password`, `User`.`name` AS `User_name`, `User`.`email` AS `User_email`, `User`.`role` AS `User_role` FROM `user` `User` WHERE ((`User`.`id` = NaN)) LIMIT 1","sqlMessage":"Unknown column 'NaN' in 'where clause'","sqlState":"42S22","stack":"QueryFailedError: ER_BAD_FIELD_ERROR: Unknown column 'NaN' in 'where clause'\n    at Query.<anonymous> (E:\\PURUSHOTTAM\\Videos\\Practice\\typeorm-project\\src\\driver\\mysql\\MysqlQueryRunner.ts:246:33)\n    at Query.<anonymous> (E:\\PURUSHOTTAM\\Videos\\Practice\\typeorm-project\\node_modules\\mysql\\lib\\Connection.js:526:10)\n    at Query._callback (E:\\PURUSHOTTAM\\Videos\\Practice\\typeorm-project\\node_modules\\mysql\\lib\\Connection.js:488:16)\n    at Query.Object.<anonymous>.Sequence.end (E:\\PURUSHOTTAM\\Videos\\Practice\\typeorm-project\\node_modules\\mysql\\lib\\protocol\\sequences\\Sequence.js:83:24)\n    at Query.Object.<anonymous>.Query.ErrorPacket (E:\\PURUSHOTTAM\\Videos\\Practice\\typeorm-project\\node_modules\\mysql\\lib\\protocol\\sequences\\Query.js:92:8)\n    at Protocol.Object.<anonymous>.Protocol._parsePacket (E:\\PURUSHOTTAM\\Videos\\Practice\\typeorm-project\\node_modules\\mysql\\lib\\protocol\\Protocol.js:291:23)\n    at Parser._parsePacket (E:\\PURUSHOTTAM\\Videos\\Practice\\typeorm-project\\node_modules\\mysql\\lib\\protocol\\Parser.js:433:10)\n    at Parser.write (E:\\PURUSHOTTAM\\Videos\\Practice\\typeorm-project\\node_modules\\mysql\\lib\\protocol\\Parser.js:43:10)\n    at Protocol.Object.<anonymous>.Protocol.write (E:\\PURUSHOTTAM\\Videos\\Practice\\typeorm-project\\node_modules\\mysql\\lib\\protocol\\Protocol.js:38:16)\n    at Socket.<anonymous> (E:\\PURUSHOTTAM\\Videos\\Practice\\typeorm-project\\node_modules\\mysql\\lib\\Connection.js:88:28)\n    at Socket.<anonymous> (E:\\PURUSHOTTAM\\Videos\\Practice\\typeorm-project\\node_modules\\mysql\\lib\\Connection.js:526:10)\n    at Socket.emit (node:events:514:28)\n    at addChunk (node:internal/streams/readable:376:12)\n    at readableAddChunk (node:internal/streams/readable:349:9)\n    at Socket.Readable.push (node:internal/streams/readable:286:10)\n    at TCP.onStreamRead (node:internal/stream_base_commons:190:23)"}
{"code":"ER_BAD_FIELD_ERROR","driverError":{"code":"ER_BAD_FIELD_ERROR","errno":1054,"index":0,"sql":"SELECT `User`.`id` AS `User_id`, `User`.`password` AS `User_password`, `User`.`name` AS `User_name`, `User`.`email` AS `User_email`, `User`.`role` AS `User_role` FROM `user` `User` WHERE ((`User`.`id` = NaN)) LIMIT 1","sqlMessage":"Unknown column 'NaN' in 'where clause'","sqlState":"42S22"},"errno":1054,"index":0,"level":"error","message":"Error deleting user ER_BAD_FIELD_ERROR: Unknown column 'NaN' in 'where clause'","parameters":[null],"query":"SELECT `User`.`id` AS `User_id`, `User`.`password` AS `User_password`, `User`.`name` AS `User_name`, `User`.`email` AS `User_email`, `User`.`role` AS `User_role` FROM `user` `User` WHERE ((`User`.`id` = ?)) LIMIT 1","sql":"SELECT `User`.`id` AS `User_id`, `User`.`password` AS `User_password`, `User`.`name` AS `User_name`, `User`.`email` AS `User_email`, `User`.`role` AS `User_role` FROM `user` `User` WHERE ((`User`.`id` = NaN)) LIMIT 1","sqlMessage":"Unknown column 'NaN' in 'where clause'","sqlState":"42S22","stack":"QueryFailedError: ER_BAD_FIELD_ERROR: Unknown column 'NaN' in 'where clause'\n    at Query.<anonymous> (E:\\PURUSHOTTAM\\Videos\\Practice\\typeorm-project\\src\\driver\\mysql\\MysqlQueryRunner.ts:246:33)\n    at Query.<anonymous> (E:\\PURUSHOTTAM\\Videos\\Practice\\typeorm-project\\node_modules\\mysql\\lib\\Connection.js:526:10)\n    at Query._callback (E:\\PURUSHOTTAM\\Videos\\Practice\\typeorm-project\\node_modules\\mysql\\lib\\Connection.js:488:16)\n    at Query.Object.<anonymous>.Sequence.end (E:\\PURUSHOTTAM\\Videos\\Practice\\typeorm-project\\node_modules\\mysql\\lib\\protocol\\sequences\\Sequence.js:83:24)\n    at Query.Object.<anonymous>.Query.ErrorPacket (E:\\PURUSHOTTAM\\Videos\\Practice\\typeorm-project\\node_modules\\mysql\\lib\\protocol\\sequences\\Query.js:92:8)\n    at Protocol.Object.<anonymous>.Protocol._parsePacket (E:\\PURUSHOTTAM\\Videos\\Practice\\typeorm-project\\node_modules\\mysql\\lib\\protocol\\Protocol.js:291:23)\n    at Parser._parsePacket (E:\\PURUSHOTTAM\\Videos\\Practice\\typeorm-project\\node_modules\\mysql\\lib\\protocol\\Parser.js:433:10)\n    at Parser.write (E:\\PURUSHOTTAM\\Videos\\Practice\\typeorm-project\\node_modules\\mysql\\lib\\protocol\\Parser.js:43:10)\n    at Protocol.Object.<anonymous>.Protocol.write (E:\\PURUSHOTTAM\\Videos\\Practice\\typeorm-project\\node_modules\\mysql\\lib\\protocol\\Protocol.js:38:16)\n    at Socket.<anonymous> (E:\\PURUSHOTTAM\\Videos\\Practice\\typeorm-project\\node_modules\\mysql\\lib\\Connection.js:88:28)\n    at Socket.<anonymous> (E:\\PURUSHOTTAM\\Videos\\Practice\\typeorm-project\\node_modules\\mysql\\lib\\Connection.js:526:10)\n    at Socket.emit (node:events:514:28)\n    at addChunk (node:internal/streams/readable:376:12)\n    at readableAddChunk (node:internal/streams/readable:349:9)\n    at Socket.Readable.push (node:internal/streams/readable:286:10)\n    at TCP.onStreamRead (node:internal/stream_base_commons:190:23)"}
{"level":"info","message":"Server is running on port 9000"}
{"level":"info","message":"Data Source has been initialized!"}
{"0":{"email":"ajay@gmail.com","id":29,"name":"ajay","password":"$2b$10$.nwwsJCbJPjVRT1nihA7XOLcihw.vTZweKiuOTAB8.jV1O.PxwT1m","role":"admin"},"1":{"email":"vijay@gmail.com","id":30,"name":"vijay","password":"$2b$10$yr5Uz.tAETeMIi9vEmahz.MuIWf8QrVDX.A/pPNwoBBJvZb2Tne8q","role":"reader"},"2":{"email":"vihas@gmail.com","id":31,"name":"vihas","password":"$2b$10$2DSbUsS9GWYEs2CnUi9MIeAFd.inmdThilkgfzBo2.C1GF6nHwe3y","role":"reader"},"3":{"email":"uday@gmail.com","id":32,"name":"uday","password":"$2b$10$.6/ur2tNzB2t4xPfHdJ.X.Kh/ucPmpcbN2uuR/R1HhKtNo6tpcppC","role":"admin"},"level":"info","message":"Registered users "}
{"level":"warn","message":"Not an authenticated action"}
{"level":"warn","message":"Not an authenticated action"}
{"level":"info","message":"Server is running on port 9000"}
{"level":"info","message":"Data Source has been initialized!"}
{"0":{"email":"ajay@gmail.com","id":29,"name":"ajay","password":"$2b$10$.nwwsJCbJPjVRT1nihA7XOLcihw.vTZweKiuOTAB8.jV1O.PxwT1m","role":"admin"},"1":{"email":"vijay@gmail.com","id":30,"name":"vijay","password":"$2b$10$yr5Uz.tAETeMIi9vEmahz.MuIWf8QrVDX.A/pPNwoBBJvZb2Tne8q","role":"reader"},"2":{"email":"vihas@gmail.com","id":31,"name":"vihas","password":"$2b$10$2DSbUsS9GWYEs2CnUi9MIeAFd.inmdThilkgfzBo2.C1GF6nHwe3y","role":"reader"},"3":{"email":"uday@gmail.com","id":32,"name":"uday","password":"$2b$10$.6/ur2tNzB2t4xPfHdJ.X.Kh/ucPmpcbN2uuR/R1HhKtNo6tpcppC","role":"admin"},"level":"info","message":"Registered users "}
{"level":"warn","message":"Not an authenticated action"}
{"level":"warn","message":"Not an authenticated action"}
{"level":"info","message":"Server is running on port 9000"}
{"level":"info","message":"Data Source has been initialized!"}
{"0":{"email":"ajay@gmail.com","id":29,"name":"ajay","password":"$2b$10$.nwwsJCbJPjVRT1nihA7XOLcihw.vTZweKiuOTAB8.jV1O.PxwT1m","role":"admin"},"1":{"email":"vijay@gmail.com","id":30,"name":"vijay","password":"$2b$10$yr5Uz.tAETeMIi9vEmahz.MuIWf8QrVDX.A/pPNwoBBJvZb2Tne8q","role":"reader"},"2":{"email":"vihas@gmail.com","id":31,"name":"vihas","password":"$2b$10$2DSbUsS9GWYEs2CnUi9MIeAFd.inmdThilkgfzBo2.C1GF6nHwe3y","role":"reader"},"3":{"email":"uday@gmail.com","id":32,"name":"uday","password":"$2b$10$.6/ur2tNzB2t4xPfHdJ.X.Kh/ucPmpcbN2uuR/R1HhKtNo6tpcppC","role":"admin"},"level":"info","message":"Registered users "}
{"level":"warn","message":"Not an authenticated action"}
{"level":"warn","message":"Not an authenticated action"}
{"level":"info","message":"Server is running on port 9000"}
{"level":"info","message":"Data Source has been initialized!"}
{"0":{"email":"ajay@gmail.com","id":29,"name":"ajay","password":"$2b$10$.nwwsJCbJPjVRT1nihA7XOLcihw.vTZweKiuOTAB8.jV1O.PxwT1m","role":"admin"},"1":{"email":"vijay@gmail.com","id":30,"name":"vijay","password":"$2b$10$yr5Uz.tAETeMIi9vEmahz.MuIWf8QrVDX.A/pPNwoBBJvZb2Tne8q","role":"reader"},"2":{"email":"vihas@gmail.com","id":31,"name":"vihas","password":"$2b$10$2DSbUsS9GWYEs2CnUi9MIeAFd.inmdThilkgfzBo2.C1GF6nHwe3y","role":"reader"},"3":{"email":"uday@gmail.com","id":32,"name":"uday","password":"$2b$10$.6/ur2tNzB2t4xPfHdJ.X.Kh/ucPmpcbN2uuR/R1HhKtNo6tpcppC","role":"admin"},"level":"info","message":"Registered users "}
{"level":"warn","message":"Not an authenticated action"}
{"level":"warn","message":"Not an authenticated action"}
{"level":"warn","message":"User not found"}
{"level":"info","message":"Server is running on port 9000"}
{"level":"info","message":"Server is running on port 9000"}
{"level":"info","message":"Server is running on port 9000"}
{"level":"info","message":"Data Source has been initialized!"}
{"level":"info","message":"Server is running on port 9000"}
{"level":"info","message":"Server is running on port 9000"}
{"level":"info","message":"Data Source has been initialized!"}
{"0":{"email":"ajay@gmail.com","id":29,"name":"ajay","password":"$2b$10$.nwwsJCbJPjVRT1nihA7XOLcihw.vTZweKiuOTAB8.jV1O.PxwT1m","role":"admin"},"1":{"email":"vijay@gmail.com","id":30,"name":"vijay","password":"$2b$10$yr5Uz.tAETeMIi9vEmahz.MuIWf8QrVDX.A/pPNwoBBJvZb2Tne8q","role":"reader"},"2":{"email":"vihas@gmail.com","id":31,"name":"vihas","password":"$2b$10$2DSbUsS9GWYEs2CnUi9MIeAFd.inmdThilkgfzBo2.C1GF6nHwe3y","role":"reader"},"3":{"email":"uday@gmail.com","id":32,"name":"uday","password":"$2b$10$.6/ur2tNzB2t4xPfHdJ.X.Kh/ucPmpcbN2uuR/R1HhKtNo6tpcppC","role":"admin"},"level":"info","message":"Registered users "}
{"level":"info","message":"User updated successfully"}
{"level":"info","message":"User deleted successfully"}
{"level":"warn","message":"User not found"}
{"level":"info","message":"Server is running on port 9000"}
{"level":"info","message":"Data Source has been initialized!"}
{"level":"error","message":"Error fetching users Cannot read properties of null (reading 'role')","stack":"TypeError: Cannot read properties of null (reading 'role')\n    at E:\\PURUSHOTTAM\\Videos\\Practice\\typeorm-project\\src\\app.ts:23:14\n    at processTicksAndRejections (node:internal/process/task_queues:95:5)"}
{"level":"error","message":"Error updating user Cannot read properties of null (reading 'role')","stack":"TypeError: Cannot read properties of null (reading 'role')\n    at E:\\PURUSHOTTAM\\Videos\\Practice\\typeorm-project\\src\\app.ts:73:14\n    at processTicksAndRejections (node:internal/process/task_queues:95:5)"}
{"level":"error","message":"Error deleting user Cannot read properties of null (reading 'role')","stack":"TypeError: Cannot read properties of null (reading 'role')\n    at E:\\PURUSHOTTAM\\Videos\\Practice\\typeorm-project\\src\\app.ts:99:13\n    at processTicksAndRejections (node:internal/process/task_queues:95:5)"}
{"level":"info","message":"Token generated successfully"}
{"level":"info","message":"User loggedin successfully"}
{"code":"ER_NO_DEFAULT_FOR_FIELD","driverError":{"code":"ER_NO_DEFAULT_FOR_FIELD","errno":1364,"index":0,"sql":"INSERT INTO `user`(`id`, `password`, `name`, `email`, `role`) VALUES (DEFAULT, '$2b$10$IkN6moCShUpgD0MPXCDr5O3RVJJTU5AAMMkI75uYJfUWoKogJjJQa', 'hari', DEFAULT, 'admin')","sqlMessage":"Field 'email' doesn't have a default value","sqlState":"HY000"},"errno":1364,"index":0,"level":"error","message":"Error creating user ER_NO_DEFAULT_FOR_FIELD: Field 'email' doesn't have a default value","parameters":["$2b$10$IkN6moCShUpgD0MPXCDr5O3RVJJTU5AAMMkI75uYJfUWoKogJjJQa","hari","admin"],"query":"INSERT INTO `user`(`id`, `password`, `name`, `email`, `role`) VALUES (DEFAULT, ?, ?, DEFAULT, ?)","sql":"INSERT INTO `user`(`id`, `password`, `name`, `email`, `role`) VALUES (DEFAULT, '$2b$10$IkN6moCShUpgD0MPXCDr5O3RVJJTU5AAMMkI75uYJfUWoKogJjJQa', 'hari', DEFAULT, 'admin')","sqlMessage":"Field 'email' doesn't have a default value","sqlState":"HY000","stack":"QueryFailedError: ER_NO_DEFAULT_FOR_FIELD: Field 'email' doesn't have a default value\n    at Query.<anonymous> (E:\\PURUSHOTTAM\\Videos\\Practice\\typeorm-project\\src\\driver\\mysql\\MysqlQueryRunner.ts:246:33)\n    at Query.<anonymous> (E:\\PURUSHOTTAM\\Videos\\Practice\\typeorm-project\\node_modules\\mysql\\lib\\Connection.js:526:10)\n    at Query._callback (E:\\PURUSHOTTAM\\Videos\\Practice\\typeorm-project\\node_modules\\mysql\\lib\\Connection.js:488:16)\n    at Query.Object.<anonymous>.Sequence.end (E:\\PURUSHOTTAM\\Videos\\Practice\\typeorm-project\\node_modules\\mysql\\lib\\protocol\\sequences\\Sequence.js:83:24)\n    at Query.Object.<anonymous>.Query.ErrorPacket (E:\\PURUSHOTTAM\\Videos\\Practice\\typeorm-project\\node_modules\\mysql\\lib\\protocol\\sequences\\Query.js:92:8)\n    at Protocol.Object.<anonymous>.Protocol._parsePacket (E:\\PURUSHOTTAM\\Videos\\Practice\\typeorm-project\\node_modules\\mysql\\lib\\protocol\\Protocol.js:291:23)\n    at Parser._parsePacket (E:\\PURUSHOTTAM\\Videos\\Practice\\typeorm-project\\node_modules\\mysql\\lib\\protocol\\Parser.js:433:10)\n    at Parser.write (E:\\PURUSHOTTAM\\Videos\\Practice\\typeorm-project\\node_modules\\mysql\\lib\\protocol\\Parser.js:43:10)\n    at Protocol.Object.<anonymous>.Protocol.write (E:\\PURUSHOTTAM\\Videos\\Practice\\typeorm-project\\node_modules\\mysql\\lib\\protocol\\Protocol.js:38:16)\n    at Socket.<anonymous> (E:\\PURUSHOTTAM\\Videos\\Practice\\typeorm-project\\node_modules\\mysql\\lib\\Connection.js:88:28)\n    at Socket.<anonymous> (E:\\PURUSHOTTAM\\Videos\\Practice\\typeorm-project\\node_modules\\mysql\\lib\\Connection.js:526:10)\n    at Socket.emit (node:events:514:28)\n    at addChunk (node:internal/streams/readable:376:12)\n    at readableAddChunk (node:internal/streams/readable:349:9)\n    at Socket.Readable.push (node:internal/streams/readable:286:10)\n    at TCP.onStreamRead (node:internal/stream_base_commons:190:23)"}
{"level":"info","message":"Server is running on port 9000"}
{"level":"error","message":"Error in loging the user No metadata for \"User\" was found.","stack":"EntityMetadataNotFoundError: No metadata for \"User\" was found.\n    at DataSource.getMetadata (E:\\PURUSHOTTAM\\Videos\\Practice\\typeorm-project\\node_modules\\src\\data-source\\DataSource.ts:450:30)\n    at Repository.get metadata [as metadata] (E:\\PURUSHOTTAM\\Videos\\Practice\\typeorm-project\\node_modules\\src\\repository\\Repository.ts:53:40)\n    at Repository.findOne (E:\\PURUSHOTTAM\\Videos\\Practice\\typeorm-project\\node_modules\\src\\repository\\Repository.ts:597:42)\n    at E:\\PURUSHOTTAM\\Videos\\Practice\\typeorm-project\\src\\app.ts:144:35\n    at processTicksAndRejections (node:internal/process/task_queues:95:5)"}
{"level":"error","message":"Error in loging the user No metadata for \"User\" was found.","stack":"EntityMetadataNotFoundError: No metadata for \"User\" was found.\n    at DataSource.getMetadata (E:\\PURUSHOTTAM\\Videos\\Practice\\typeorm-project\\node_modules\\src\\data-source\\DataSource.ts:450:30)\n    at Repository.get metadata [as metadata] (E:\\PURUSHOTTAM\\Videos\\Practice\\typeorm-project\\node_modules\\src\\repository\\Repository.ts:53:40)\n    at Repository.findOne (E:\\PURUSHOTTAM\\Videos\\Practice\\typeorm-project\\node_modules\\src\\repository\\Repository.ts:597:42)\n    at E:\\PURUSHOTTAM\\Videos\\Practice\\typeorm-project\\src\\app.ts:144:35\n    at processTicksAndRejections (node:internal/process/task_queues:95:5)"}
{"level":"error","message":"Error in loging the user No metadata for \"User\" was found.","stack":"EntityMetadataNotFoundError: No metadata for \"User\" was found.\n    at DataSource.getMetadata (E:\\PURUSHOTTAM\\Videos\\Practice\\typeorm-project\\node_modules\\src\\data-source\\DataSource.ts:450:30)\n    at Repository.get metadata [as metadata] (E:\\PURUSHOTTAM\\Videos\\Practice\\typeorm-project\\node_modules\\src\\repository\\Repository.ts:53:40)\n    at Repository.findOne (E:\\PURUSHOTTAM\\Videos\\Practice\\typeorm-project\\node_modules\\src\\repository\\Repository.ts:597:42)\n    at E:\\PURUSHOTTAM\\Videos\\Practice\\typeorm-project\\src\\app.ts:144:35\n    at processTicksAndRejections (node:internal/process/task_queues:95:5)"}
{"level":"info","message":"Server is running on port 9000"}
{"level":"info","message":"Data Source has been initialized!"}
{"level":"info","message":"Token generated successfully"}
{"level":"info","message":"User loggedin successfully"}
{"level":"info","message":"Server is running on port 9000"}
{"level":"info","message":"Data Source has been initialized!"}
{"level":"info","message":"Server is running on port 9000"}
{"level":"info","message":"Data Source has been initialized!"}
{"0":{"email":"ajay@gmail.com","id":29,"name":"ajay","password":"$2b$10$.nwwsJCbJPjVRT1nihA7XOLcihw.vTZweKiuOTAB8.jV1O.PxwT1m","role":"admin"},"1":{"email":"vijay@gmail.com","id":30,"name":"vijay","password":"$2b$10$yr5Uz.tAETeMIi9vEmahz.MuIWf8QrVDX.A/pPNwoBBJvZb2Tne8q","role":"admin"},"2":{"email":"vihas@gmail.com","id":31,"name":"vihas","password":"$2b$10$2DSbUsS9GWYEs2CnUi9MIeAFd.inmdThilkgfzBo2.C1GF6nHwe3y","role":"reader"},"3":{"email":"a@gmail.com","id":32,"name":"a","password":"123","role":"reader"},"4":{"email":"b@gmail.com","id":33,"name":"b","password":"123","role":"writer"},"level":"info","message":"Registered users "}
{"level":"info","message":"User updated successfully"}
{"level":"info","message":"User deleted successfully"}
{"level":"info","message":"Token generated successfully"}
{"level":"info","message":"User loggedin successfully"}
{"code":"ER_NO_DEFAULT_FOR_FIELD","driverError":{"code":"ER_NO_DEFAULT_FOR_FIELD","errno":1364,"index":0,"sql":"INSERT INTO `user`(`id`, `password`, `name`, `email`, `role`) VALUES (DEFAULT, '$2b$10$v8SIoRpE8td9oNBTCYpcwu.yXYIJe.we.2gGapWQH6fFoyd3MMVM.', 'hari', DEFAULT, 'admin')","sqlMessage":"Field 'email' doesn't have a default value","sqlState":"HY000"},"errno":1364,"index":0,"level":"error","message":"Error creating user ER_NO_DEFAULT_FOR_FIELD: Field 'email' doesn't have a default value","parameters":["$2b$10$v8SIoRpE8td9oNBTCYpcwu.yXYIJe.we.2gGapWQH6fFoyd3MMVM.","hari","admin"],"query":"INSERT INTO `user`(`id`, `password`, `name`, `email`, `role`) VALUES (DEFAULT, ?, ?, DEFAULT, ?)","sql":"INSERT INTO `user`(`id`, `password`, `name`, `email`, `role`) VALUES (DEFAULT, '$2b$10$v8SIoRpE8td9oNBTCYpcwu.yXYIJe.we.2gGapWQH6fFoyd3MMVM.', 'hari', DEFAULT, 'admin')","sqlMessage":"Field 'email' doesn't have a default value","sqlState":"HY000","stack":"QueryFailedError: ER_NO_DEFAULT_FOR_FIELD: Field 'email' doesn't have a default value\n    at Query.<anonymous> (E:\\PURUSHOTTAM\\Videos\\Practice\\typeorm-project\\src\\driver\\mysql\\MysqlQueryRunner.ts:246:33)\n    at Query.<anonymous> (E:\\PURUSHOTTAM\\Videos\\Practice\\typeorm-project\\node_modules\\mysql\\lib\\Connection.js:526:10)\n    at Query._callback (E:\\PURUSHOTTAM\\Videos\\Practice\\typeorm-project\\node_modules\\mysql\\lib\\Connection.js:488:16)\n    at Query.Object.<anonymous>.Sequence.end (E:\\PURUSHOTTAM\\Videos\\Practice\\typeorm-project\\node_modules\\mysql\\lib\\protocol\\sequences\\Sequence.js:83:24)\n    at Query.Object.<anonymous>.Query.ErrorPacket (E:\\PURUSHOTTAM\\Videos\\Practice\\typeorm-project\\node_modules\\mysql\\lib\\protocol\\sequences\\Query.js:92:8)\n    at Protocol.Object.<anonymous>.Protocol._parsePacket (E:\\PURUSHOTTAM\\Videos\\Practice\\typeorm-project\\node_modules\\mysql\\lib\\protocol\\Protocol.js:291:23)\n    at Parser._parsePacket (E:\\PURUSHOTTAM\\Videos\\Practice\\typeorm-project\\node_modules\\mysql\\lib\\protocol\\Parser.js:433:10)\n    at Parser.write (E:\\PURUSHOTTAM\\Videos\\Practice\\typeorm-project\\node_modules\\mysql\\lib\\protocol\\Parser.js:43:10)\n    at Protocol.Object.<anonymous>.Protocol.write (E:\\PURUSHOTTAM\\Videos\\Practice\\typeorm-project\\node_modules\\mysql\\lib\\protocol\\Protocol.js:38:16)\n    at Socket.<anonymous> (E:\\PURUSHOTTAM\\Videos\\Practice\\typeorm-project\\node_modules\\mysql\\lib\\Connection.js:88:28)\n    at Socket.<anonymous> (E:\\PURUSHOTTAM\\Videos\\Practice\\typeorm-project\\node_modules\\mysql\\lib\\Connection.js:526:10)\n    at Socket.emit (node:events:514:28)\n    at addChunk (node:internal/streams/readable:376:12)\n    at readableAddChunk (node:internal/streams/readable:349:9)\n    at Socket.Readable.push (node:internal/streams/readable:286:10)\n    at TCP.onStreamRead (node:internal/stream_base_commons:190:23)"}
{"level":"info","message":"Server is running on port 9000"}
{"level":"info","message":"Data Source has been initialized!"}
{"0":{"email":"ajay@gmail.com","id":29,"name":"ajay","password":"$2b$10$.nwwsJCbJPjVRT1nihA7XOLcihw.vTZweKiuOTAB8.jV1O.PxwT1m","role":"admin"},"1":{"email":"vijay@gmail.com","id":30,"name":"vijay","password":"$2b$10$yr5Uz.tAETeMIi9vEmahz.MuIWf8QrVDX.A/pPNwoBBJvZb2Tne8q","role":"admin"},"2":{"email":"vihas@gmail.com","id":31,"name":"vihas","password":"$2b$10$2DSbUsS9GWYEs2CnUi9MIeAFd.inmdThilkgfzBo2.C1GF6nHwe3y","role":"reader"},"3":{"email":"hello@gmail.com","id":33,"name":"b","password":"123","role":"writer"},"level":"info","message":"Registered users "}
{"level":"info","message":"User updated successfully"}
{"level":"warn","message":"User not found"}
{"level":"info","message":"Token generated successfully"}
{"level":"info","message":"User loggedin successfully"}
{"level":"info","message":"New user create successfully"}
{"level":"info","message":"Server is running on port 9000"}
{"level":"info","message":"Data Source has been initialized!"}
{"0":{"email":"ajay@gmail.com","id":29,"name":"ajay","password":"$2b$10$.nwwsJCbJPjVRT1nihA7XOLcihw.vTZweKiuOTAB8.jV1O.PxwT1m","role":"admin"},"1":{"email":"vijay@gmail.com","id":30,"name":"vijay","password":"$2b$10$yr5Uz.tAETeMIi9vEmahz.MuIWf8QrVDX.A/pPNwoBBJvZb2Tne8q","role":"admin"},"2":{"email":"vihas@gmail.com","id":31,"name":"vihas","password":"$2b$10$2DSbUsS9GWYEs2CnUi9MIeAFd.inmdThilkgfzBo2.C1GF6nHwe3y","role":"reader"},"3":{"email":"hello@gmail.com","id":33,"name":"b","password":"123","role":"writer"},"4":{"email":"hari@gmail.com","id":34,"name":"hari","password":"$2b$10$8kbEvIbsLYuPUOInkIyNZu8gTfb7SVKIReZsnjo3cBpuMDRw4RQkK","role":"admin"},"level":"info","message":"Registered users "}
{"level":"info","message":"User updated successfully"}
{"level":"warn","message":"User not found"}
{"level":"info","message":"Token generated successfully"}
{"level":"info","message":"User loggedin successfully"}
{"level":"info","message":"New user create successfully"}
